<?xml version="1.0" encoding="UTF-8"?>
<!-- Generated by org.testng.reporters.JUnitReportReporter -->
<testsuite hostname="DESKTOP-L4853CI" failures="1" tests="1" name="jsonXMMLvalidation.JsonXmlValidatorTest" time="1.208" errors="0" timestamp="2025-06-25T16:31:01 BDT" skipped="0">
  <testcase classname="jsonXMMLvalidation.JsonXmlValidatorTest" name="jsonvalidation" time="1.208">
    <failure message="1 expectation failed.
Response body doesn&#039;t match expectation.
Expected: The content to match the given JSON schema.
error: instance type (array) does not match any allowed primitive type (allowed: [&quot;object&quot;])
    level: &quot;error&quot;
    schema: {&quot;loadingURI&quot;:&quot;file:/C:/Users/User/eclipse-workspace/RestAssuredAPI/target/test-classes/StudentsSchema.json#&quot;,&quot;pointer&quot;:&quot;&quot;}
    instance: {&quot;pointer&quot;:&quot;&quot;}
    domain: &quot;validation&quot;
    keyword: &quot;type&quot;
    found: &quot;array&quot;
    expected: [&quot;object&quot;]

  Actual: [
  {
    &quot;id&quot;: &quot;2&quot;,
    &quot;name&quot;: &quot;Zannatun Nayeem&quot;,
    &quot;location&quot;: &quot;Bangladesh&quot;,
    &quot;phone&quot;: &quot;01685726097&quot;,
    &quot;bankAccount&quot;: &quot;321321321321321&quot;,
    &quot;courses&quot;: [
      &quot;Java&quot;,
      &quot;Selenium&quot;
    ]
  },
  {
    &quot;id&quot;: &quot;3&quot;,
    &quot;name&quot;: &quot;Smith&quot;,
    &quot;location&quot;: &quot;Canada&quot;,
    &quot;phone&quot;: &quot;165498765&quot;,
    &quot;courses&quot;: [
      &quot;C#&quot;,
      &quot;RestAPI&quot;
    ]
  },
  {
    &quot;id&quot;: &quot;3c09&quot;,
    &quot;name&quot;: &quot;Zannatun Nayeem&quot;,
    &quot;location&quot;: &quot;Bangladesh&quot;,
    &quot;phone&quot;: &quot;01685726097&quot;,
    &quot;bankAccount&quot;: &quot;321321321321&quot;,
    &quot;courses&quot;: [
      &quot;Java&quot;,
      &quot;Selenium&quot;
    ]
  },
  {
    &quot;id&quot;: &quot;999b&quot;,
    &quot;name&quot;: &quot;Zannatun Nayeem&quot;,
    &quot;location&quot;: &quot;Bangladesh&quot;,
    &quot;phone&quot;: &quot;01685726097&quot;,
    &quot;bankAccount&quot;: &quot;1111450003489&quot;,
    &quot;courses&quot;: [
      &quot;Java&quot;,
      &quot;Selenium&quot;
    ]
  }
]
" type="java.lang.AssertionError">
      <![CDATA[java.lang.AssertionError: 1 expectation failed.
Response body doesn't match expectation.
Expected: The content to match the given JSON schema.
error: instance type (array) does not match any allowed primitive type (allowed: ["object"])
    level: "error"
    schema: {"loadingURI":"file:/C:/Users/User/eclipse-workspace/RestAssuredAPI/target/test-classes/StudentsSchema.json#","pointer":""}
    instance: {"pointer":""}
    domain: "validation"
    keyword: "type"
    found: "array"
    expected: ["object"]

  Actual: [
  {
    "id": "2",
    "name": "Zannatun Nayeem",
    "location": "Bangladesh",
    "phone": "01685726097",
    "bankAccount": "321321321321321",
    "courses": [
      "Java",
      "Selenium"
    ]
  },
  {
    "id": "3",
    "name": "Smith",
    "location": "Canada",
    "phone": "165498765",
    "courses": [
      "C#",
      "RestAPI"
    ]
  },
  {
    "id": "3c09",
    "name": "Zannatun Nayeem",
    "location": "Bangladesh",
    "phone": "01685726097",
    "bankAccount": "321321321321",
    "courses": [
      "Java",
      "Selenium"
    ]
  },
  {
    "id": "999b",
    "name": "Zannatun Nayeem",
    "location": "Bangladesh",
    "phone": "01685726097",
    "bankAccount": "1111450003489",
    "courses": [
      "Java",
      "Selenium"
    ]
  }
]

at java.base/jdk.internal.reflect.NativeConstructorAccessorImpl.newInstance0(Native Method)
at java.base/jdk.internal.reflect.NativeConstructorAccessorImpl.newInstance(NativeConstructorAccessorImpl.java:77)
at java.base/jdk.internal.reflect.DelegatingConstructorAccessorImpl.newInstance(DelegatingConstructorAccessorImpl.java:45)
at java.base/java.lang.reflect.Constructor.newInstanceWithCaller(Constructor.java:499)
at java.base/java.lang.reflect.Constructor.newInstance(Constructor.java:480)
at org.codehaus.groovy.reflection.CachedConstructor.invoke(CachedConstructor.java:73)
at org.codehaus.groovy.runtime.callsite.ConstructorSite$ConstructorSiteNoUnwrapNoCoerce.callConstructor(ConstructorSite.java:108)
at org.codehaus.groovy.runtime.callsite.CallSiteArray.defaultCallConstructor(CallSiteArray.java:57)
at org.codehaus.groovy.runtime.callsite.AbstractCallSite.callConstructor(AbstractCallSite.java:263)
at org.codehaus.groovy.runtime.callsite.AbstractCallSite.callConstructor(AbstractCallSite.java:277)
at io.restassured.internal.ResponseSpecificationImpl$HamcrestAssertionClosure.validate(ResponseSpecificationImpl.groovy:512)
at io.restassured.internal.ResponseSpecificationImpl$HamcrestAssertionClosure$validate$1.call(Unknown Source)
at org.codehaus.groovy.runtime.callsite.CallSiteArray.defaultCall(CallSiteArray.java:45)
at org.codehaus.groovy.runtime.callsite.AbstractCallSite.call(AbstractCallSite.java:125)
at org.codehaus.groovy.runtime.callsite.AbstractCallSite.call(AbstractCallSite.java:139)
at io.restassured.internal.ResponseSpecificationImpl.validateResponseIfRequired(ResponseSpecificationImpl.groovy:696)
at io.restassured.internal.ResponseSpecificationImpl.this$2$validateResponseIfRequired(ResponseSpecificationImpl.groovy)
at java.base/jdk.internal.reflect.NativeMethodAccessorImpl.invoke0(Native Method)
at java.base/jdk.internal.reflect.NativeMethodAccessorImpl.invoke(NativeMethodAccessorImpl.java:77)
at java.base/jdk.internal.reflect.DelegatingMethodAccessorImpl.invoke(DelegatingMethodAccessorImpl.java:43)
at java.base/java.lang.reflect.Method.invoke(Method.java:568)
at org.codehaus.groovy.runtime.callsite.PlainObjectMetaMethodSite.doInvoke(PlainObjectMetaMethodSite.java:43)
at org.codehaus.groovy.runtime.callsite.PogoMetaMethodSite$PogoCachedMethodSiteNoUnwrapNoCoerce.invoke(PogoMetaMethodSite.java:198)
at org.codehaus.groovy.runtime.callsite.PogoMetaMethodSite.callCurrent(PogoMetaMethodSite.java:62)
at org.codehaus.groovy.runtime.callsite.CallSiteArray.defaultCallCurrent(CallSiteArray.java:49)
at org.codehaus.groovy.runtime.callsite.AbstractCallSite.callCurrent(AbstractCallSite.java:171)
at org.codehaus.groovy.runtime.callsite.AbstractCallSite.callCurrent(AbstractCallSite.java:185)
at io.restassured.internal.ResponseSpecificationImpl.body(ResponseSpecificationImpl.groovy:107)
at io.restassured.internal.ValidatableResponseOptionsImpl.body(ValidatableResponseOptionsImpl.java:238)
at jsonXMMLvalidation.JsonXmlValidatorTest.jsonvalidation(JsonXmlValidatorTest.java:40)
at java.base/jdk.internal.reflect.NativeMethodAccessorImpl.invoke0(Native Method)
at java.base/jdk.internal.reflect.NativeMethodAccessorImpl.invoke(NativeMethodAccessorImpl.java:77)
at java.base/jdk.internal.reflect.DelegatingMethodAccessorImpl.invoke(DelegatingMethodAccessorImpl.java:43)
at java.base/java.lang.reflect.Method.invoke(Method.java:568)
at org.testng.internal.invokers.MethodInvocationHelper.invokeMethod(MethodInvocationHelper.java:141)
at org.testng.internal.invokers.TestInvoker.invokeMethod(TestInvoker.java:687)
at org.testng.internal.invokers.TestInvoker.invokeTestMethod(TestInvoker.java:230)
at org.testng.internal.invokers.MethodRunner.runInSequence(MethodRunner.java:63)
at org.testng.internal.invokers.TestInvoker$MethodInvocationAgent.invoke(TestInvoker.java:995)
at org.testng.internal.invokers.TestInvoker.invokeTestMethods(TestInvoker.java:203)
at org.testng.internal.invokers.TestMethodWorker.invokeTestMethods(TestMethodWorker.java:154)
at org.testng.internal.invokers.TestMethodWorker.run(TestMethodWorker.java:134)
at java.base/java.util.ArrayList.forEach(ArrayList.java:1511)
at org.testng.TestRunner.privateRun(TestRunner.java:741)
at org.testng.TestRunner.run(TestRunner.java:616)
at org.testng.SuiteRunner.runTest(SuiteRunner.java:421)
at org.testng.SuiteRunner.runSequentially(SuiteRunner.java:413)
at org.testng.SuiteRunner.privateRun(SuiteRunner.java:373)
at org.testng.SuiteRunner.run(SuiteRunner.java:312)
at org.testng.SuiteRunnerWorker.runSuite(SuiteRunnerWorker.java:52)
at org.testng.SuiteRunnerWorker.run(SuiteRunnerWorker.java:95)
at org.testng.TestNG.runSuitesSequentially(TestNG.java:1274)
at org.testng.TestNG.runSuitesLocally(TestNG.java:1208)
at org.testng.TestNG.runSuites(TestNG.java:1112)
at org.testng.TestNG.run(TestNG.java:1079)
at org.testng.remote.AbstractRemoteTestNG.run(AbstractRemoteTestNG.java:115)
at org.testng.remote.RemoteTestNG.initAndRun(RemoteTestNG.java:293)
at org.testng.remote.RemoteTestNG.main(RemoteTestNG.java:91)
]]>
    </failure>
  </testcase> <!-- jsonvalidation -->
</testsuite> <!-- jsonXMMLvalidation.JsonXmlValidatorTest -->
